<?xml version="1.0" encoding="UTF-8"?>
<!-- Generated by org.testng.reporters.JUnitReportReporter -->
<testsuite hostname="User-PC" failures="0" tests="2" name="com.webappsecurity.tests.ViewAccountSummary" time="8.758" errors="0" timestamp="24 Sep 2019 01:35:28 GMT" skipped="1">
  <testcase classname="com.webappsecurity.tests.ViewAccountSummary" name="testCollapsiable" time="8.758"/>
  <testcase classname="com.webappsecurity.tests.ViewAccountSummary" name="viewSummary">
    <skipped/>
  </testcase> <!-- viewSummary -->
</testsuite> <!-- com.webappsecurity.tests.ViewAccountSummary -->
