<?xml version="1.0" encoding="UTF-8"?>
<!-- Generated by org.testng.reporters.JUnitReportReporter -->
<testsuite hostname="User-PC" failures="0" tests="1" name="com.webappsecurity.tests.ViewAccountSummary" time="4.344" errors="0" timestamp="23 Sep 2019 01:28:35 GMT" skipped="0">
  <testcase classname="com.webappsecurity.tests.ViewAccountSummary" name="viewSummary" time="4.344"/>
</testsuite> <!-- com.webappsecurity.tests.ViewAccountSummary -->
