<?xml version="1.0" encoding="UTF-8"?>
<!-- Generated by org.testng.reporters.JUnitReportReporter -->
<testsuite hostname="User-PC" failures="0" tests="1" name="com.webappsecurity.tests.TestMoneyMap" time="11.791" errors="0" timestamp="24 Sep 2019 00:51:55 GMT" skipped="0">
  <testcase classname="com.webappsecurity.tests.TestMoneyMap" name="testCollapsiable" time="11.791"/>
</testsuite> <!-- com.webappsecurity.tests.TestMoneyMap -->
